<?xml version="1.0" encoding="UTF-8"?>
<testng-results ignored="0" total="1" passed="1" failed="0" skipped="0">
  <reporter-output>
  </reporter-output>
  <suite started-at="2023-08-03T18:33:18 IST" name="Default suite" finished-at="2023-08-03T18:34:43 IST" duration-ms="84711">
    <groups>
    </groups>
    <test started-at="2023-08-03T18:33:18 IST" name="Default test" finished-at="2023-08-03T18:34:43 IST" duration-ms="84711">
      <class name="com.maadhar.automate.MAadhar">
        <test-method is-config="true" signature="setUp()[pri:0, instance:com.maadhar.automate.MAadhar@74ea2410]" started-at="2023-08-03T18:33:18 IST" name="setUp" finished-at="2023-08-03T18:33:34 IST" duration-ms="15793" status="PASS">
          <reporter-output>
          </reporter-output>
        </test-method> <!-- setUp -->
        <test-method signature="MAadharTest()[pri:0, instance:com.maadhar.automate.MAadhar@74ea2410]" started-at="2023-08-03T18:33:34 IST" name="MAadharTest" finished-at="2023-08-03T18:34:43 IST" duration-ms="68844" status="PASS">
          <reporter-output>
          </reporter-output>
        </test-method> <!-- MAadharTest -->
      </class> <!-- com.maadhar.automate.MAadhar -->
    </test> <!-- Default test -->
  </suite> <!-- Default suite -->
</testng-results>
